<?xml version="1.0" encoding="UTF-8"?>
<!DOCTYPE html PUBLIC "-//W3C//DTD XHTML 1.0 Strict//EN" "http://www.w3.org/TR/xhtml1/DTD/xhtml1-strict.dtd">
<html xmlns="http://www.w3.org/1999/xhtml">
<head>
    <title>web UI 自动化测试报告</title>
    <meta name="generator" content="HTMLTestRunner 0.8.2.3"/>
    <meta http-equiv="Content-Type" content="text/html; charset=UTF-8"/>
    <link href="http://libs.baidu.com/bootstrap/3.0.3/css/bootstrap.min.css" rel="stylesheet">
    <script src="http://libs.baidu.com/jquery/2.0.0/jquery.min.js"></script>
    <script src="http://libs.baidu.com/bootstrap/3.0.3/js/bootstrap.min.js"></script>
    
<style type="text/css" media="screen">
body        { font-family: Microsoft YaHei,Tahoma,arial,helvetica,sans-serif;padding: 20px; font-size: 80%; }
table       { font-size: 100%; }

/* -- heading ---------------------------------------------------------------------- */
.heading {
    margin-top: 0ex;
    margin-bottom: 1ex;
}

.heading .description {
    margin-top: 4ex;
    margin-bottom: 6ex;
}

/* -- report ------------------------------------------------------------------------ */
#total_row  { font-weight: bold; }
.passCase   { color: #5cb85c; }
.failCase   { color: #d9534f; font-weight: bold; }
.errorCase  { color: #f0ad4e; font-weight: bold; }
.hiddenRow  { display: none; }
.testcase   { margin-left: 2em; }
</style>

</head>
<body >
<script language="javascript" type="text/javascript">
output_list = Array();

/*level 调整增加只显示通过用例的分类 --Adil
0:Summary //all hiddenRow
1:Failed  //pt hiddenRow, ft none
2:Pass    //pt none, ft hiddenRow
3:Error   // pt hiddenRow, ft none
4:All     //pt none, ft none
下面设置 按钮展开逻辑  --Yang Yao Jun
*/
function showCase(level) {
    trs = document.getElementsByTagName("tr");
    for (var i = 0; i < trs.length; i++) {
        tr = trs[i];
        id = tr.id;
        if (id.substr(0,2) == 'ft') {
            if (level == 2 || level == 0 ) {
                tr.className = 'hiddenRow';
            }
            else {
                tr.className = '';
            }
        }
        if (id.substr(0,2) == 'pt') {
            if (level < 2 || level ==3 ) {
                tr.className = 'hiddenRow';
            }
            else {
                tr.className = '';
            }
        }
    }

    //加入【详细】切换文字变化 --Findyou
    detail_class=document.getElementsByClassName('detail');
	//console.log(detail_class.length)
	if (level == 3) {
		for (var i = 0; i < detail_class.length; i++){
			detail_class[i].innerHTML="收起"
		}
	}
	else{
			for (var i = 0; i < detail_class.length; i++){
			detail_class[i].innerHTML="详细"
		}
	}
}

function showClassDetail(cid, count) {
    var id_list = Array(count);
    var toHide = 1;
    for (var i = 0; i < count; i++) {
        //ID修改 点 为 下划线 -Findyou
        tid0 = 't' + cid.substr(1) + '_' + (i+1);
        tid = 'f' + tid0;
        tr = document.getElementById(tid);
        if (!tr) {
            tid = 'p' + tid0;
            tr = document.getElementById(tid);
        }
        id_list[i] = tid;
        if (tr.className) {
            toHide = 0;
        }
    }
    for (var i = 0; i < count; i++) {
        tid = id_list[i];
        //修改点击无法收起的BUG，加入【详细】切换文字变化 --Findyou
        if (toHide) {
            document.getElementById(tid).className = 'hiddenRow';
            document.getElementById(cid).innerText = "详细"
        }
        else {
            document.getElementById(tid).className = '';
            document.getElementById(cid).innerText = "收起"
        }
    }
}

function html_escape(s) {
    s = s.replace(/&/g,'&amp;');
    s = s.replace(/</g,'&lt;');
    s = s.replace(/>/g,'&gt;');
    return s;
}
</script>
<div class='heading'>
<h1 style="font-family: Microsoft YaHei">web UI 自动化测试报告</h1>
<p class='attribute'><strong>测试人员 : </strong> 杜朋</p>
<p class='attribute'><strong>开始时间 : </strong> 2019-09-30 15:21:05</p>
<p class='attribute'><strong>合计耗时 : </strong> 0:41:52.079515</p>
<p class='attribute'><strong>测试结果 : </strong> 执行测试用例共 25 条，通过 16 条，错误 9 条，通过率：64.00%</p>

<p class='description'>测试注册功能</p>
</div>



    <p id='show_detail_line'>
    <a class="btn btn-primary" href='javascript:showCase(0)'>通过率 [64.00% ]</a>
    <a class="btn btn-success" href='javascript:showCase(2)'>通过[ 16 ]</a>
    <a class="btn btn-warning" href='javascript:showCase(3)'>错误[ 9 ]</a>
    <a class="btn btn-danger" href='javascript:showCase(1)'>失败[ 0 ]</a>
    <a class="btn btn-info" href='javascript:showCase(4)'>所有[ 25 ]</a>
    </p>
<table id='result_table' class="table table-condensed table-bordered table-hover">
<colgroup>
<col align='left' />
<col align='right' />
<col align='right' />
<col align='right' />
<col align='right' />
<col align='right' />
</colgroup>
<tr id='header_row' class="text-center success" style="font-weight: bold;font-size: 14px;">
    <td>用例集/测试用例</td>
    <td>总计</td>
    <td>通过</td>
    <td>错误</td>
    <td>失败</td>
    <td>详细</td>
</tr>

<tr class='passClass warning'>
    <td>test_zalenium_MBG_demo1_signin.SigninUser_test</td>
    <td class="text-center">3</td>
    <td class="text-center">3</td>
    <td class="text-center">0</td>
    <td class="text-center">0</td>
    <td class="text-center"><a href="javascript:showClassDetail('c1',3)" class="detail" id='c1'>详细</a></td>
</tr>

<tr id='pt1_1' class='hiddenRow'>
    <td class='passCase'><div class='testcase'>test1_signinuser_step1 : 测试注册demo用户第1步</div></td>
    <td colspan='5' align='center'><span class="label label-success success">通过</span></td>
</tr>

<tr id='pt1_2' class='hiddenRow'>
    <td class='passCase'><div class='testcase'>test2_signinuser_step2 : 测试注册demo用户第2步</div></td>
    <td colspan='5' align='center'><span class="label label-success success">通过</span></td>
</tr>

<tr id='pt1_3' class='hiddenRow'>
    <td class='passCase'><div class='testcase'>test2_signinuser_step3 : 测试注册demo用户第3步</div></td>
    <td colspan='5' align='center'><span class="label label-success success">通过</span></td>
</tr>

<tr class='passClass warning'>
    <td>test_zalenium_MBG_demo2_activate.Check_Test</td>
    <td class="text-center">1</td>
    <td class="text-center">1</td>
    <td class="text-center">0</td>
    <td class="text-center">0</td>
    <td class="text-center"><a href="javascript:showClassDetail('c2',1)" class="detail" id='c2'>详细</a></td>
</tr>

<tr id='pt2_1' class='hiddenRow'>
    <td class='passCase'><div class='testcase'>test1_signin_check: 审核live客户注册信息</div></td>
    <td colspan='5' align='center'><span class="label label-success success">通过</span></td>
</tr>

<tr class='passClass warning'>
    <td>test_zalenium_MBG_ib_1_signin.SigninIB_test</td>
    <td class="text-center">3</td>
    <td class="text-center">3</td>
    <td class="text-center">0</td>
    <td class="text-center">0</td>
    <td class="text-center"><a href="javascript:showClassDetail('c3',3)" class="detail" id='c3'>详细</a></td>
</tr>

<tr id='pt3_1' class='hiddenRow'>
    <td class='passCase'><div class='testcase'>test_1_signinIB_1 : 测试注册IB第1步</div></td>
    <td colspan='5' align='center'><span class="label label-success success">通过</span></td>
</tr>

<tr id='pt3_2' class='hiddenRow'>
    <td class='passCase'><div class='testcase'>test_2_signinIB_2 : 测试注册IB第2步</div></td>
    <td colspan='5' align='center'><span class="label label-success success">通过</span></td>
</tr>

<tr id='pt3_3' class='hiddenRow'>
    <td class='passCase'><div class='testcase'>test_3_signinIB_3 : 测试注册IB第3步</div></td>
    <td colspan='5' align='center'><span class="label label-success success">通过</span></td>
</tr>

<tr class='errorClass warning'>
    <td>test_zalenium_MBG_ib_2_appoint_level.Customer_Manager_Check__Test</td>
    <td class="text-center">1</td>
    <td class="text-center">0</td>
    <td class="text-center">1</td>
    <td class="text-center">0</td>
    <td class="text-center"><a href="javascript:showClassDetail('c4',1)" class="detail" id='c4'>详细</a></td>
</tr>

<tr id='ft4_1' class='none'>
    <td class='errorCase'><div class='testcase'>test1_customer_manager_check: 客户经理给IB指定等级</div></td>
    <td colspan='5' align='center'>
    <!--默认收起错误信息 -Findyou
    <button id='btn_ft4_1' type="button"  class="btn btn-danger btn-xs collapsed" data-toggle="collapse" data-target='#div_ft4_1'>错误</button>
    <div id='div_ft4_1' class="collapse">  -->

    <!-- 默认展开错误信息 -Findyou -->
    <button id='btn_ft4_1' type="button"  class="btn btn-danger btn-xs" data-toggle="collapse" data-target='#div_ft4_1'>错误</button>
    <div id='div_ft4_1' class="collapse in" style='text-align: left; color:red;cursor:pointer'>
    <pre>
    
ft4_1: Traceback (most recent call last):
  File "/root/venv/project/ui/ui_test_case/test_zalenium_MBG_ib_2_appoint_level.py", line 59, in test1_customer_manager_check
    self.page.Client_mgmt_a.click()
  File "/root/venv/lib/python3.6/site-packages/poium/page_objects.py", line 131, in __get__
    return self.find(context)
  File "/root/venv/lib/python3.6/site-packages/poium/page_objects.py", line 114, in find
    if self.get_element(context) is not None:
  File "/root/venv/lib/python3.6/site-packages/poium/page_objects.py", line 103, in get_element
    elem = context.find_element(*self.locator)
  File "/root/venv/lib/python3.6/site-packages/selenium/webdriver/remote/webdriver.py", line 978, in find_element
    'value': value})['value']
  File "/root/venv/lib/python3.6/site-packages/selenium/webdriver/remote/webdriver.py", line 321, in execute
    self.error_handler.check_response(response)
  File "/root/venv/lib/python3.6/site-packages/selenium/webdriver/remote/errorhandler.py", line 242, in check_response
    raise exception_class(message, screen, stacktrace)
selenium.common.exceptions.WebDriverException: Message: java.net.ConnectException: Connection refused (Connection refused)
Stacktrace:
    at org.openqa.selenium.remote.server.WebDriverServlet.lambda$handle$0 (WebDriverServlet.java:240)
    at java.util.concurrent.Executors$RunnableAdapter.call (Executors.java:511)
    at java.util.concurrent.FutureTask.run (FutureTask.java:266)
    at java.util.concurrent.ThreadPoolExecutor.runWorker (ThreadPoolExecutor.java:1149)
    at java.util.concurrent.ThreadPoolExecutor$Worker.run (ThreadPoolExecutor.java:624)
    at java.lang.Thread.run (Thread.java:748)


    </pre>
    </div>
    </td>
</tr>

<tr class='errorClass warning'>
    <td>unittest.suite._ErrorHolder</td>
    <td class="text-center">3</td>
    <td class="text-center">0</td>
    <td class="text-center">3</td>
    <td class="text-center">0</td>
    <td class="text-center"><a href="javascript:showClassDetail('c5',3)" class="detail" id='c5'>详细</a></td>
</tr>

<tr id='ft5_1' class='none'>
    <td class='errorCase'><div class='testcase'>Customer_Manager_Check__Test)</div></td>
    <td colspan='5' align='center'>
    <!--默认收起错误信息 -Findyou
    <button id='btn_ft5_1' type="button"  class="btn btn-danger btn-xs collapsed" data-toggle="collapse" data-target='#div_ft5_1'>错误</button>
    <div id='div_ft5_1' class="collapse">  -->

    <!-- 默认展开错误信息 -Findyou -->
    <button id='btn_ft5_1' type="button"  class="btn btn-danger btn-xs" data-toggle="collapse" data-target='#div_ft5_1'>错误</button>
    <div id='div_ft5_1' class="collapse in" style='text-align: left; color:red;cursor:pointer'>
    <pre>
    
ft5_1: Traceback (most recent call last):
  File "/root/venv/project/ui/ui_test_case/test_zalenium_MBG_ib_2_appoint_level.py", line 93, in tearDownClass
    cls.dr.quit()
  File "/root/venv/lib/python3.6/site-packages/selenium/webdriver/remote/webdriver.py", line 698, in quit
    self.execute(Command.QUIT)
  File "/root/venv/lib/python3.6/site-packages/selenium/webdriver/remote/webdriver.py", line 321, in execute
    self.error_handler.check_response(response)
  File "/root/venv/lib/python3.6/site-packages/selenium/webdriver/remote/errorhandler.py", line 242, in check_response
    raise exception_class(message, screen, stacktrace)
selenium.common.exceptions.WebDriverException: Message: Session [da7fa9541f5743a319c7095e936453fd] was terminated due to ORPHAN
Stacktrace:
    at org.openqa.grid.internal.ActiveTestSessions.getExistingSession (ActiveTestSessions.java:115)
    at de.zalando.ep.zalenium.registry.ZaleniumRegistry.getExistingSession (ZaleniumRegistry.java:440)
    at org.openqa.grid.web.servlet.handler.RequestHandler.getSession (RequestHandler.java:241)
    at org.openqa.grid.web.servlet.handler.RequestHandler.process (RequestHandler.java:123)
    at org.openqa.grid.web.servlet.DriverServlet.process (DriverServlet.java:85)
    at org.openqa.grid.web.servlet.DriverServlet.doDelete (DriverServlet.java:75)
    at javax.servlet.http.HttpServlet.service (HttpServlet.java:713)
    at javax.servlet.http.HttpServlet.service (HttpServlet.java:790)
    at org.seleniumhq.jetty9.servlet.ServletHolder.handle (ServletHolder.java:865)
    at org.seleniumhq.jetty9.servlet.ServletHandler$CachedChain.doFilter (ServletHandler.java:1655)
    at io.prometheus.client.filter.MetricsFilter.doFilter (MetricsFilter.java:170)
    at org.seleniumhq.jetty9.servlet.ServletHandler$CachedChain.doFilter (ServletHandler.java:1642)
    at org.seleniumhq.jetty9.servlet.ServletHandler.doHandle (ServletHandler.java:533)
    at org.seleniumhq.jetty9.server.handler.ScopedHandler.handle (ScopedHandler.java:146)
    at org.seleniumhq.jetty9.security.SecurityHandler.handle (SecurityHandler.java:548)
    at org.seleniumhq.jetty9.server.handler.HandlerWrapper.handle (HandlerWrapper.java:132)
    at org.seleniumhq.jetty9.server.handler.ScopedHandler.nextHandle (ScopedHandler.java:257)
    at org.seleniumhq.jetty9.server.session.SessionHandler.doHandle (SessionHandler.java:1595)
    at org.seleniumhq.jetty9.server.handler.ScopedHandler.nextHandle (ScopedHandler.java:255)
    at org.seleniumhq.jetty9.server.handler.ContextHandler.doHandle (ContextHandler.java:1340)
    at org.seleniumhq.jetty9.server.handler.ScopedHandler.nextScope (ScopedHandler.java:203)
    at org.seleniumhq.jetty9.servlet.ServletHandler.doScope (ServletHandler.java:473)
    at org.seleniumhq.jetty9.server.session.SessionHandler.doScope (SessionHandler.java:1564)
    at org.seleniumhq.jetty9.server.handler.ScopedHandler.nextScope (ScopedHandler.java:201)
    at org.seleniumhq.jetty9.server.handler.ContextHandler.doScope (ContextHandler.java:1242)
    at org.seleniumhq.jetty9.server.handler.ScopedHandler.handle (ScopedHandler.java:144)
    at org.seleniumhq.jetty9.server.handler.StatisticsHandler.handle (StatisticsHandler.java:174)
    at org.seleniumhq.jetty9.server.handler.HandlerWrapper.handle (HandlerWrapper.java:132)
    at org.seleniumhq.jetty9.server.Server.handle (Server.java:503)
    at org.seleniumhq.jetty9.server.HttpChannel.handle (HttpChannel.java:364)
    at org.seleniumhq.jetty9.server.HttpConnection.onFillable (HttpConnection.java:260)
    at org.seleniumhq.jetty9.io.AbstractConnection$ReadCallback.succeeded (AbstractConnection.java:305)
    at org.seleniumhq.jetty9.io.FillInterest.fillable (FillInterest.java:103)
    at org.seleniumhq.jetty9.io.ChannelEndPoint$2.run (ChannelEndPoint.java:118)
    at org.seleniumhq.jetty9.util.thread.strategy.EatWhatYouKill.runTask (EatWhatYouKill.java:333)
    at org.seleniumhq.jetty9.util.thread.strategy.EatWhatYouKill.doProduce (EatWhatYouKill.java:310)
    at org.seleniumhq.jetty9.util.thread.strategy.EatWhatYouKill.tryProduce (EatWhatYouKill.java:168)
    at org.seleniumhq.jetty9.util.thread.strategy.EatWhatYouKill.run (EatWhatYouKill.java:126)
    at org.seleniumhq.jetty9.util.thread.ReservedThreadExecutor$ReservedThread.run (ReservedThreadExecutor.java:366)
    at org.seleniumhq.jetty9.util.thread.QueuedThreadPool.runJob (QueuedThreadPool.java:765)
    at org.seleniumhq.jetty9.util.thread.QueuedThreadPool$2.run (QueuedThreadPool.java:683)
    at java.lang.Thread.run (Thread.java:748)


    </pre>
    </div>
    </td>
</tr>

<tr id='ft5_2' class='none'>
    <td class='errorCase'><div class='testcase'>SigninUser_test)</div></td>
    <td colspan='5' align='center'>
    <!--默认收起错误信息 -Findyou
    <button id='btn_ft5_2' type="button"  class="btn btn-danger btn-xs collapsed" data-toggle="collapse" data-target='#div_ft5_2'>错误</button>
    <div id='div_ft5_2' class="collapse">  -->

    <!-- 默认展开错误信息 -Findyou -->
    <button id='btn_ft5_2' type="button"  class="btn btn-danger btn-xs" data-toggle="collapse" data-target='#div_ft5_2'>错误</button>
    <div id='div_ft5_2' class="collapse in" style='text-align: left; color:red;cursor:pointer'>
    <pre>
    
ft5_2: Traceback (most recent call last):
  File "/root/venv/project/ui/ui_test_case/test_zalenium_MBG_live_1_signin.py", line 357, in tearDownClass
    cls.dr.quit()
  File "/root/venv/lib/python3.6/site-packages/selenium/webdriver/remote/webdriver.py", line 698, in quit
    self.execute(Command.QUIT)
  File "/root/venv/lib/python3.6/site-packages/selenium/webdriver/remote/webdriver.py", line 321, in execute
    self.error_handler.check_response(response)
  File "/root/venv/lib/python3.6/site-packages/selenium/webdriver/remote/errorhandler.py", line 242, in check_response
    raise exception_class(message, screen, stacktrace)
selenium.common.exceptions.WebDriverException: Message: Session [f5ae313c732cb3bae8864eb18d1fce49] was terminated due to ORPHAN
Stacktrace:
    at org.openqa.grid.internal.ActiveTestSessions.getExistingSession (ActiveTestSessions.java:115)
    at de.zalando.ep.zalenium.registry.ZaleniumRegistry.getExistingSession (ZaleniumRegistry.java:440)
    at org.openqa.grid.web.servlet.handler.RequestHandler.getSession (RequestHandler.java:241)
    at org.openqa.grid.web.servlet.handler.RequestHandler.process (RequestHandler.java:123)
    at org.openqa.grid.web.servlet.DriverServlet.process (DriverServlet.java:85)
    at org.openqa.grid.web.servlet.DriverServlet.doDelete (DriverServlet.java:75)
    at javax.servlet.http.HttpServlet.service (HttpServlet.java:713)
    at javax.servlet.http.HttpServlet.service (HttpServlet.java:790)
    at org.seleniumhq.jetty9.servlet.ServletHolder.handle (ServletHolder.java:865)
    at org.seleniumhq.jetty9.servlet.ServletHandler$CachedChain.doFilter (ServletHandler.java:1655)
    at io.prometheus.client.filter.MetricsFilter.doFilter (MetricsFilter.java:170)
    at org.seleniumhq.jetty9.servlet.ServletHandler$CachedChain.doFilter (ServletHandler.java:1642)
    at org.seleniumhq.jetty9.servlet.ServletHandler.doHandle (ServletHandler.java:533)
    at org.seleniumhq.jetty9.server.handler.ScopedHandler.handle (ScopedHandler.java:146)
    at org.seleniumhq.jetty9.security.SecurityHandler.handle (SecurityHandler.java:548)
    at org.seleniumhq.jetty9.server.handler.HandlerWrapper.handle (HandlerWrapper.java:132)
    at org.seleniumhq.jetty9.server.handler.ScopedHandler.nextHandle (ScopedHandler.java:257)
    at org.seleniumhq.jetty9.server.session.SessionHandler.doHandle (SessionHandler.java:1595)
    at org.seleniumhq.jetty9.server.handler.ScopedHandler.nextHandle (ScopedHandler.java:255)
    at org.seleniumhq.jetty9.server.handler.ContextHandler.doHandle (ContextHandler.java:1340)
    at org.seleniumhq.jetty9.server.handler.ScopedHandler.nextScope (ScopedHandler.java:203)
    at org.seleniumhq.jetty9.servlet.ServletHandler.doScope (ServletHandler.java:473)
    at org.seleniumhq.jetty9.server.session.SessionHandler.doScope (SessionHandler.java:1564)
    at org.seleniumhq.jetty9.server.handler.ScopedHandler.nextScope (ScopedHandler.java:201)
    at org.seleniumhq.jetty9.server.handler.ContextHandler.doScope (ContextHandler.java:1242)
    at org.seleniumhq.jetty9.server.handler.ScopedHandler.handle (ScopedHandler.java:144)
    at org.seleniumhq.jetty9.server.handler.StatisticsHandler.handle (StatisticsHandler.java:174)
    at org.seleniumhq.jetty9.server.handler.HandlerWrapper.handle (HandlerWrapper.java:132)
    at org.seleniumhq.jetty9.server.Server.handle (Server.java:503)
    at org.seleniumhq.jetty9.server.HttpChannel.handle (HttpChannel.java:364)
    at org.seleniumhq.jetty9.server.HttpConnection.onFillable (HttpConnection.java:260)
    at org.seleniumhq.jetty9.io.AbstractConnection$ReadCallback.succeeded (AbstractConnection.java:305)
    at org.seleniumhq.jetty9.io.FillInterest.fillable (FillInterest.java:103)
    at org.seleniumhq.jetty9.io.ChannelEndPoint$2.run (ChannelEndPoint.java:118)
    at org.seleniumhq.jetty9.util.thread.strategy.EatWhatYouKill.runTask (EatWhatYouKill.java:333)
    at org.seleniumhq.jetty9.util.thread.strategy.EatWhatYouKill.doProduce (EatWhatYouKill.java:310)
    at org.seleniumhq.jetty9.util.thread.strategy.EatWhatYouKill.tryProduce (EatWhatYouKill.java:168)
    at org.seleniumhq.jetty9.util.thread.strategy.EatWhatYouKill.run (EatWhatYouKill.java:126)
    at org.seleniumhq.jetty9.util.thread.ReservedThreadExecutor$ReservedThread.run (ReservedThreadExecutor.java:366)
    at org.seleniumhq.jetty9.util.thread.QueuedThreadPool.runJob (QueuedThreadPool.java:765)
    at org.seleniumhq.jetty9.util.thread.QueuedThreadPool$2.run (QueuedThreadPool.java:683)
    at java.lang.Thread.run (Thread.java:748)


    </pre>
    </div>
    </td>
</tr>

<tr id='ft5_3' class='none'>
    <td class='errorCase'><div class='testcase'>Check_Test)</div></td>
    <td colspan='5' align='center'>
    <!--默认收起错误信息 -Findyou
    <button id='btn_ft5_3' type="button"  class="btn btn-danger btn-xs collapsed" data-toggle="collapse" data-target='#div_ft5_3'>错误</button>
    <div id='div_ft5_3' class="collapse">  -->

    <!-- 默认展开错误信息 -Findyou -->
    <button id='btn_ft5_3' type="button"  class="btn btn-danger btn-xs" data-toggle="collapse" data-target='#div_ft5_3'>错误</button>
    <div id='div_ft5_3' class="collapse in" style='text-align: left; color:red;cursor:pointer'>
    <pre>
    
ft5_3: Traceback (most recent call last):
  File "/root/venv/project/ui/ui_test_case/test_zalenium_MBG_live_2_activate.py", line 142, in tearDownClass
    cls.dr.quit()
  File "/root/venv/lib/python3.6/site-packages/selenium/webdriver/remote/webdriver.py", line 698, in quit
    self.execute(Command.QUIT)
  File "/root/venv/lib/python3.6/site-packages/selenium/webdriver/remote/webdriver.py", line 321, in execute
    self.error_handler.check_response(response)
  File "/root/venv/lib/python3.6/site-packages/selenium/webdriver/remote/errorhandler.py", line 242, in check_response
    raise exception_class(message, screen, stacktrace)
selenium.common.exceptions.WebDriverException: Message: Session [c7ee5d94db02b6924dd1fcfb150083b0] was terminated due to ORPHAN
Stacktrace:
    at org.openqa.grid.internal.ActiveTestSessions.getExistingSession (ActiveTestSessions.java:115)
    at de.zalando.ep.zalenium.registry.ZaleniumRegistry.getExistingSession (ZaleniumRegistry.java:440)
    at org.openqa.grid.web.servlet.handler.RequestHandler.getSession (RequestHandler.java:241)
    at org.openqa.grid.web.servlet.handler.RequestHandler.process (RequestHandler.java:123)
    at org.openqa.grid.web.servlet.DriverServlet.process (DriverServlet.java:85)
    at org.openqa.grid.web.servlet.DriverServlet.doDelete (DriverServlet.java:75)
    at javax.servlet.http.HttpServlet.service (HttpServlet.java:713)
    at javax.servlet.http.HttpServlet.service (HttpServlet.java:790)
    at org.seleniumhq.jetty9.servlet.ServletHolder.handle (ServletHolder.java:865)
    at org.seleniumhq.jetty9.servlet.ServletHandler$CachedChain.doFilter (ServletHandler.java:1655)
    at io.prometheus.client.filter.MetricsFilter.doFilter (MetricsFilter.java:170)
    at org.seleniumhq.jetty9.servlet.ServletHandler$CachedChain.doFilter (ServletHandler.java:1642)
    at org.seleniumhq.jetty9.servlet.ServletHandler.doHandle (ServletHandler.java:533)
    at org.seleniumhq.jetty9.server.handler.ScopedHandler.handle (ScopedHandler.java:146)
    at org.seleniumhq.jetty9.security.SecurityHandler.handle (SecurityHandler.java:548)
    at org.seleniumhq.jetty9.server.handler.HandlerWrapper.handle (HandlerWrapper.java:132)
    at org.seleniumhq.jetty9.server.handler.ScopedHandler.nextHandle (ScopedHandler.java:257)
    at org.seleniumhq.jetty9.server.session.SessionHandler.doHandle (SessionHandler.java:1595)
    at org.seleniumhq.jetty9.server.handler.ScopedHandler.nextHandle (ScopedHandler.java:255)
    at org.seleniumhq.jetty9.server.handler.ContextHandler.doHandle (ContextHandler.java:1340)
    at org.seleniumhq.jetty9.server.handler.ScopedHandler.nextScope (ScopedHandler.java:203)
    at org.seleniumhq.jetty9.servlet.ServletHandler.doScope (ServletHandler.java:473)
    at org.seleniumhq.jetty9.server.session.SessionHandler.doScope (SessionHandler.java:1564)
    at org.seleniumhq.jetty9.server.handler.ScopedHandler.nextScope (ScopedHandler.java:201)
    at org.seleniumhq.jetty9.server.handler.ContextHandler.doScope (ContextHandler.java:1242)
    at org.seleniumhq.jetty9.server.handler.ScopedHandler.handle (ScopedHandler.java:144)
    at org.seleniumhq.jetty9.server.handler.StatisticsHandler.handle (StatisticsHandler.java:174)
    at org.seleniumhq.jetty9.server.handler.HandlerWrapper.handle (HandlerWrapper.java:132)
    at org.seleniumhq.jetty9.server.Server.handle (Server.java:503)
    at org.seleniumhq.jetty9.server.HttpChannel.handle (HttpChannel.java:364)
    at org.seleniumhq.jetty9.server.HttpConnection.onFillable (HttpConnection.java:260)
    at org.seleniumhq.jetty9.io.AbstractConnection$ReadCallback.succeeded (AbstractConnection.java:305)
    at org.seleniumhq.jetty9.io.FillInterest.fillable (FillInterest.java:103)
    at org.seleniumhq.jetty9.io.ChannelEndPoint$2.run (ChannelEndPoint.java:118)
    at org.seleniumhq.jetty9.util.thread.strategy.EatWhatYouKill.runTask (EatWhatYouKill.java:333)
    at org.seleniumhq.jetty9.util.thread.strategy.EatWhatYouKill.doProduce (EatWhatYouKill.java:310)
    at org.seleniumhq.jetty9.util.thread.strategy.EatWhatYouKill.tryProduce (EatWhatYouKill.java:168)
    at org.seleniumhq.jetty9.util.thread.strategy.EatWhatYouKill.run (EatWhatYouKill.java:126)
    at org.seleniumhq.jetty9.util.thread.ReservedThreadExecutor$ReservedThread.run (ReservedThreadExecutor.java:366)
    at org.seleniumhq.jetty9.util.thread.QueuedThreadPool.runJob (QueuedThreadPool.java:765)
    at org.seleniumhq.jetty9.util.thread.QueuedThreadPool$2.run (QueuedThreadPool.java:683)
    at java.lang.Thread.run (Thread.java:748)


    </pre>
    </div>
    </td>
</tr>

<tr class='errorClass warning'>
    <td>test_zalenium_MBG_ib_3_activate.Check_Ib_Test</td>
    <td class="text-center">1</td>
    <td class="text-center">0</td>
    <td class="text-center">1</td>
    <td class="text-center">0</td>
    <td class="text-center"><a href="javascript:showClassDetail('c6',1)" class="detail" id='c6'>详细</a></td>
</tr>

<tr id='ft6_1' class='none'>
    <td class='errorCase'><div class='testcase'>test1_signinIB_check: 审核IB注册信息</div></td>
    <td colspan='5' align='center'>
    <!--默认收起错误信息 -Findyou
    <button id='btn_ft6_1' type="button"  class="btn btn-danger btn-xs collapsed" data-toggle="collapse" data-target='#div_ft6_1'>错误</button>
    <div id='div_ft6_1' class="collapse">  -->

    <!-- 默认展开错误信息 -Findyou -->
    <button id='btn_ft6_1' type="button"  class="btn btn-danger btn-xs" data-toggle="collapse" data-target='#div_ft6_1'>错误</button>
    <div id='div_ft6_1' class="collapse in" style='text-align: left; color:red;cursor:pointer'>
    <pre>
    
ft6_1: Traceback (most recent call last):
  File "/root/venv/project/ui/ui_test_case/test_zalenium_MBG_ib_3_activate.py", line 118, in test1_signinIB_check
    self.page.user_list.click()
  File "/root/venv/lib/python3.6/site-packages/selenium/webdriver/remote/webelement.py", line 80, in click
    self._execute(Command.CLICK_ELEMENT)
  File "/root/venv/lib/python3.6/site-packages/selenium/webdriver/remote/webelement.py", line 633, in _execute
    return self._parent.execute(command, params)
  File "/root/venv/lib/python3.6/site-packages/selenium/webdriver/remote/webdriver.py", line 321, in execute
    self.error_handler.check_response(response)
  File "/root/venv/lib/python3.6/site-packages/selenium/webdriver/remote/errorhandler.py", line 242, in check_response
    raise exception_class(message, screen, stacktrace)
selenium.common.exceptions.ElementClickInterceptedException: Message: element click intercepted: Element &lt;a href="/index.php/Client/index/" target="navTab" rel="Client"&gt;...&lt;/a&gt; is not clickable at point (97, 119). Other element would receive the click: &lt;div id="alertBackground" class="alertBackground" style="display: block;"&gt;&lt;/div&gt;
  (Session info: chrome=75.0.3770.80)



    </pre>
    </div>
    </td>
</tr>

<tr class='errorClass warning'>
    <td>test_zalenium_MBG_live_1_signin.SigninUser_test</td>
    <td class="text-center">3</td>
    <td class="text-center">1</td>
    <td class="text-center">2</td>
    <td class="text-center">0</td>
    <td class="text-center"><a href="javascript:showClassDetail('c7',3)" class="detail" id='c7'>详细</a></td>
</tr>

<tr id='pt7_1' class='hiddenRow'>
    <td class='passCase'><div class='testcase'>test1_signinuser_step1 : 测试使用IB开户链接注册live用户第1步</div></td>
    <td colspan='5' align='center'><span class="label label-success success">通过</span></td>
</tr>

<tr id='ft7_2' class='none'>
    <td class='errorCase'><div class='testcase'>test2_signinuser_step2 : 测试使用IB开户链接注册live用户第2步</div></td>
    <td colspan='5' align='center'>
    <!--默认收起错误信息 -Findyou
    <button id='btn_ft7_2' type="button"  class="btn btn-danger btn-xs collapsed" data-toggle="collapse" data-target='#div_ft7_2'>错误</button>
    <div id='div_ft7_2' class="collapse">  -->

    <!-- 默认展开错误信息 -Findyou -->
    <button id='btn_ft7_2' type="button"  class="btn btn-danger btn-xs" data-toggle="collapse" data-target='#div_ft7_2'>错误</button>
    <div id='div_ft7_2' class="collapse in" style='text-align: left; color:red;cursor:pointer'>
    <pre>
    
ft7_2: Traceback (most recent call last):
  File "/root/venv/lib/python3.6/site-packages/ddt.py", line 146, in wrapper
    return func(self, *args, **kwargs)
  File "/root/venv/project/ui/ui_test_case/test_zalenium_MBG_live_1_signin.py", line 328, in test2_signinuser_step2
    self.signinuser_2(surName, lastName, nickName, str_papers_num, birthday, city, address, addressDate, addressEn, position, employerName, incomeComment)
  File "/root/venv/project/ui/ui_test_case/test_zalenium_MBG_live_1_signin.py", line 99, in signinuser_2
    re_login_name = self.page.login_name_span.text
  File "/root/venv/lib/python3.6/site-packages/poium/page_objects.py", line 131, in __get__
    return self.find(context)
  File "/root/venv/lib/python3.6/site-packages/poium/page_objects.py", line 114, in find
    if self.get_element(context) is not None:
  File "/root/venv/lib/python3.6/site-packages/poium/page_objects.py", line 103, in get_element
    elem = context.find_element(*self.locator)
  File "/root/venv/lib/python3.6/site-packages/selenium/webdriver/remote/webdriver.py", line 978, in find_element
    'value': value})['value']
  File "/root/venv/lib/python3.6/site-packages/selenium/webdriver/remote/webdriver.py", line 321, in execute
    self.error_handler.check_response(response)
  File "/root/venv/lib/python3.6/site-packages/selenium/webdriver/remote/errorhandler.py", line 242, in check_response
    raise exception_class(message, screen, stacktrace)
selenium.common.exceptions.WebDriverException: Message: java.net.ConnectException: Connection refused (Connection refused)
Stacktrace:
    at org.openqa.selenium.remote.server.WebDriverServlet.lambda$handle$0 (WebDriverServlet.java:240)
    at java.util.concurrent.Executors$RunnableAdapter.call (Executors.java:511)
    at java.util.concurrent.FutureTask.run (FutureTask.java:266)
    at java.util.concurrent.ThreadPoolExecutor.runWorker (ThreadPoolExecutor.java:1149)
    at java.util.concurrent.ThreadPoolExecutor$Worker.run (ThreadPoolExecutor.java:624)
    at java.lang.Thread.run (Thread.java:748)


    </pre>
    </div>
    </td>
</tr>

<tr id='ft7_3' class='none'>
    <td class='errorCase'><div class='testcase'>test2_signinuser_step3 : 测试使用IB开户链接注册live用户第3步</div></td>
    <td colspan='5' align='center'>
    <!--默认收起错误信息 -Findyou
    <button id='btn_ft7_3' type="button"  class="btn btn-danger btn-xs collapsed" data-toggle="collapse" data-target='#div_ft7_3'>错误</button>
    <div id='div_ft7_3' class="collapse">  -->

    <!-- 默认展开错误信息 -Findyou -->
    <button id='btn_ft7_3' type="button"  class="btn btn-danger btn-xs" data-toggle="collapse" data-target='#div_ft7_3'>错误</button>
    <div id='div_ft7_3' class="collapse in" style='text-align: left; color:red;cursor:pointer'>
    <pre>
    
ft7_3: Traceback (most recent call last):
  File "/root/venv/lib/python3.6/site-packages/ddt.py", line 146, in wrapper
    return func(self, *args, **kwargs)
  File "/root/venv/project/ui/ui_test_case/test_zalenium_MBG_live_1_signin.py", line 343, in test2_signinuser_step3
    self.signinuesr_3()
  File "/root/venv/project/ui/ui_test_case/test_zalenium_MBG_live_1_signin.py", line 232, in signinuesr_3
    self.page.uploadDocInfo_button.click()
  File "/root/venv/lib/python3.6/site-packages/poium/page_objects.py", line 131, in __get__
    return self.find(context)
  File "/root/venv/lib/python3.6/site-packages/poium/page_objects.py", line 114, in find
    if self.get_element(context) is not None:
  File "/root/venv/lib/python3.6/site-packages/poium/page_objects.py", line 103, in get_element
    elem = context.find_element(*self.locator)
  File "/root/venv/lib/python3.6/site-packages/selenium/webdriver/remote/webdriver.py", line 978, in find_element
    'value': value})['value']
  File "/root/venv/lib/python3.6/site-packages/selenium/webdriver/remote/webdriver.py", line 321, in execute
    self.error_handler.check_response(response)
  File "/root/venv/lib/python3.6/site-packages/selenium/webdriver/remote/errorhandler.py", line 242, in check_response
    raise exception_class(message, screen, stacktrace)
selenium.common.exceptions.WebDriverException: Message: Session [f5ae313c732cb3bae8864eb18d1fce49] was terminated due to ORPHAN
Stacktrace:
    at org.openqa.grid.internal.ActiveTestSessions.getExistingSession (ActiveTestSessions.java:115)
    at de.zalando.ep.zalenium.registry.ZaleniumRegistry.getExistingSession (ZaleniumRegistry.java:440)
    at org.openqa.grid.web.servlet.handler.RequestHandler.getSession (RequestHandler.java:241)
    at org.openqa.grid.web.servlet.handler.RequestHandler.process (RequestHandler.java:123)
    at org.openqa.grid.web.servlet.DriverServlet.process (DriverServlet.java:85)
    at org.openqa.grid.web.servlet.DriverServlet.doPost (DriverServlet.java:69)
    at javax.servlet.http.HttpServlet.service (HttpServlet.java:707)
    at javax.servlet.http.HttpServlet.service (HttpServlet.java:790)
    at org.seleniumhq.jetty9.servlet.ServletHolder.handle (ServletHolder.java:865)
    at org.seleniumhq.jetty9.servlet.ServletHandler$CachedChain.doFilter (ServletHandler.java:1655)
    at io.prometheus.client.filter.MetricsFilter.doFilter (MetricsFilter.java:170)
    at org.seleniumhq.jetty9.servlet.ServletHandler$CachedChain.doFilter (ServletHandler.java:1642)
    at org.seleniumhq.jetty9.servlet.ServletHandler.doHandle (ServletHandler.java:533)
    at org.seleniumhq.jetty9.server.handler.ScopedHandler.handle (ScopedHandler.java:146)
    at org.seleniumhq.jetty9.security.SecurityHandler.handle (SecurityHandler.java:548)
    at org.seleniumhq.jetty9.server.handler.HandlerWrapper.handle (HandlerWrapper.java:132)
    at org.seleniumhq.jetty9.server.handler.ScopedHandler.nextHandle (ScopedHandler.java:257)
    at org.seleniumhq.jetty9.server.session.SessionHandler.doHandle (SessionHandler.java:1595)
    at org.seleniumhq.jetty9.server.handler.ScopedHandler.nextHandle (ScopedHandler.java:255)
    at org.seleniumhq.jetty9.server.handler.ContextHandler.doHandle (ContextHandler.java:1340)
    at org.seleniumhq.jetty9.server.handler.ScopedHandler.nextScope (ScopedHandler.java:203)
    at org.seleniumhq.jetty9.servlet.ServletHandler.doScope (ServletHandler.java:473)
    at org.seleniumhq.jetty9.server.session.SessionHandler.doScope (SessionHandler.java:1564)
    at org.seleniumhq.jetty9.server.handler.ScopedHandler.nextScope (ScopedHandler.java:201)
    at org.seleniumhq.jetty9.server.handler.ContextHandler.doScope (ContextHandler.java:1242)
    at org.seleniumhq.jetty9.server.handler.ScopedHandler.handle (ScopedHandler.java:144)
    at org.seleniumhq.jetty9.server.handler.StatisticsHandler.handle (StatisticsHandler.java:174)
    at org.seleniumhq.jetty9.server.handler.HandlerWrapper.handle (HandlerWrapper.java:132)
    at org.seleniumhq.jetty9.server.Server.handle (Server.java:503)
    at org.seleniumhq.jetty9.server.HttpChannel.handle (HttpChannel.java:364)
    at org.seleniumhq.jetty9.server.HttpConnection.onFillable (HttpConnection.java:260)
    at org.seleniumhq.jetty9.io.AbstractConnection$ReadCallback.succeeded (AbstractConnection.java:305)
    at org.seleniumhq.jetty9.io.FillInterest.fillable (FillInterest.java:103)
    at org.seleniumhq.jetty9.io.ChannelEndPoint$2.run (ChannelEndPoint.java:118)
    at org.seleniumhq.jetty9.util.thread.strategy.EatWhatYouKill.runTask (EatWhatYouKill.java:333)
    at org.seleniumhq.jetty9.util.thread.strategy.EatWhatYouKill.doProduce (EatWhatYouKill.java:310)
    at org.seleniumhq.jetty9.util.thread.strategy.EatWhatYouKill.tryProduce (EatWhatYouKill.java:168)
    at org.seleniumhq.jetty9.util.thread.strategy.EatWhatYouKill.run (EatWhatYouKill.java:126)
    at org.seleniumhq.jetty9.util.thread.ReservedThreadExecutor$ReservedThread.run (ReservedThreadExecutor.java:366)
    at org.seleniumhq.jetty9.util.thread.QueuedThreadPool.runJob (QueuedThreadPool.java:765)
    at org.seleniumhq.jetty9.util.thread.QueuedThreadPool$2.run (QueuedThreadPool.java:683)
    at java.lang.Thread.run (Thread.java:748)


    </pre>
    </div>
    </td>
</tr>

<tr class='errorClass warning'>
    <td>test_zalenium_MBG_live_2_activate.Check_Test</td>
    <td class="text-center">1</td>
    <td class="text-center">0</td>
    <td class="text-center">1</td>
    <td class="text-center">0</td>
    <td class="text-center"><a href="javascript:showClassDetail('c8',1)" class="detail" id='c8'>详细</a></td>
</tr>

<tr id='ft8_1' class='none'>
    <td class='errorCase'><div class='testcase'>test1_signin_check: 审核live客户注册信息</div></td>
    <td colspan='5' align='center'>
    <!--默认收起错误信息 -Findyou
    <button id='btn_ft8_1' type="button"  class="btn btn-danger btn-xs collapsed" data-toggle="collapse" data-target='#div_ft8_1'>错误</button>
    <div id='div_ft8_1' class="collapse">  -->

    <!-- 默认展开错误信息 -Findyou -->
    <button id='btn_ft8_1' type="button"  class="btn btn-danger btn-xs" data-toggle="collapse" data-target='#div_ft8_1'>错误</button>
    <div id='div_ft8_1' class="collapse in" style='text-align: left; color:red;cursor:pointer'>
    <pre>
    
ft8_1: Traceback (most recent call last):
  File "/root/venv/project/ui/ui_test_case/test_zalenium_MBG_live_2_activate.py", line 79, in test1_signin_check
    self.page.user_list.click()
  File "/root/venv/lib/python3.6/site-packages/poium/page_objects.py", line 131, in __get__
    return self.find(context)
  File "/root/venv/lib/python3.6/site-packages/poium/page_objects.py", line 114, in find
    if self.get_element(context) is not None:
  File "/root/venv/lib/python3.6/site-packages/poium/page_objects.py", line 103, in get_element
    elem = context.find_element(*self.locator)
  File "/root/venv/lib/python3.6/site-packages/selenium/webdriver/remote/webdriver.py", line 978, in find_element
    'value': value})['value']
  File "/root/venv/lib/python3.6/site-packages/selenium/webdriver/remote/webdriver.py", line 321, in execute
    self.error_handler.check_response(response)
  File "/root/venv/lib/python3.6/site-packages/selenium/webdriver/remote/errorhandler.py", line 242, in check_response
    raise exception_class(message, screen, stacktrace)
selenium.common.exceptions.WebDriverException: Message: Session [c7ee5d94db02b6924dd1fcfb150083b0] was terminated due to ORPHAN
Stacktrace:
    at org.openqa.grid.internal.ActiveTestSessions.getExistingSession (ActiveTestSessions.java:115)
    at de.zalando.ep.zalenium.registry.ZaleniumRegistry.getExistingSession (ZaleniumRegistry.java:440)
    at org.openqa.grid.web.servlet.handler.RequestHandler.getSession (RequestHandler.java:241)
    at org.openqa.grid.web.servlet.handler.RequestHandler.process (RequestHandler.java:123)
    at org.openqa.grid.web.servlet.DriverServlet.process (DriverServlet.java:85)
    at org.openqa.grid.web.servlet.DriverServlet.doPost (DriverServlet.java:69)
    at javax.servlet.http.HttpServlet.service (HttpServlet.java:707)
    at javax.servlet.http.HttpServlet.service (HttpServlet.java:790)
    at org.seleniumhq.jetty9.servlet.ServletHolder.handle (ServletHolder.java:865)
    at org.seleniumhq.jetty9.servlet.ServletHandler$CachedChain.doFilter (ServletHandler.java:1655)
    at io.prometheus.client.filter.MetricsFilter.doFilter (MetricsFilter.java:170)
    at org.seleniumhq.jetty9.servlet.ServletHandler$CachedChain.doFilter (ServletHandler.java:1642)
    at org.seleniumhq.jetty9.servlet.ServletHandler.doHandle (ServletHandler.java:533)
    at org.seleniumhq.jetty9.server.handler.ScopedHandler.handle (ScopedHandler.java:146)
    at org.seleniumhq.jetty9.security.SecurityHandler.handle (SecurityHandler.java:548)
    at org.seleniumhq.jetty9.server.handler.HandlerWrapper.handle (HandlerWrapper.java:132)
    at org.seleniumhq.jetty9.server.handler.ScopedHandler.nextHandle (ScopedHandler.java:257)
    at org.seleniumhq.jetty9.server.session.SessionHandler.doHandle (SessionHandler.java:1595)
    at org.seleniumhq.jetty9.server.handler.ScopedHandler.nextHandle (ScopedHandler.java:255)
    at org.seleniumhq.jetty9.server.handler.ContextHandler.doHandle (ContextHandler.java:1340)
    at org.seleniumhq.jetty9.server.handler.ScopedHandler.nextScope (ScopedHandler.java:203)
    at org.seleniumhq.jetty9.servlet.ServletHandler.doScope (ServletHandler.java:473)
    at org.seleniumhq.jetty9.server.session.SessionHandler.doScope (SessionHandler.java:1564)
    at org.seleniumhq.jetty9.server.handler.ScopedHandler.nextScope (ScopedHandler.java:201)
    at org.seleniumhq.jetty9.server.handler.ContextHandler.doScope (ContextHandler.java:1242)
    at org.seleniumhq.jetty9.server.handler.ScopedHandler.handle (ScopedHandler.java:144)
    at org.seleniumhq.jetty9.server.handler.StatisticsHandler.handle (StatisticsHandler.java:174)
    at org.seleniumhq.jetty9.server.handler.HandlerWrapper.handle (HandlerWrapper.java:132)
    at org.seleniumhq.jetty9.server.Server.handle (Server.java:503)
    at org.seleniumhq.jetty9.server.HttpChannel.handle (HttpChannel.java:364)
    at org.seleniumhq.jetty9.server.HttpConnection.onFillable (HttpConnection.java:260)
    at org.seleniumhq.jetty9.io.AbstractConnection$ReadCallback.succeeded (AbstractConnection.java:305)
    at org.seleniumhq.jetty9.io.FillInterest.fillable (FillInterest.java:103)
    at org.seleniumhq.jetty9.io.ChannelEndPoint$2.run (ChannelEndPoint.java:118)
    at org.seleniumhq.jetty9.util.thread.strategy.EatWhatYouKill.runTask (EatWhatYouKill.java:333)
    at org.seleniumhq.jetty9.util.thread.strategy.EatWhatYouKill.doProduce (EatWhatYouKill.java:310)
    at org.seleniumhq.jetty9.util.thread.strategy.EatWhatYouKill.tryProduce (EatWhatYouKill.java:168)
    at org.seleniumhq.jetty9.util.thread.strategy.EatWhatYouKill.run (EatWhatYouKill.java:126)
    at org.seleniumhq.jetty9.util.thread.ReservedThreadExecutor$ReservedThread.run (ReservedThreadExecutor.java:366)
    at org.seleniumhq.jetty9.util.thread.QueuedThreadPool.runJob (QueuedThreadPool.java:765)
    at org.seleniumhq.jetty9.util.thread.QueuedThreadPool$2.run (QueuedThreadPool.java:683)
    at java.lang.Thread.run (Thread.java:748)


    </pre>
    </div>
    </td>
</tr>

<tr class='passClass warning'>
    <td>test_zalenium_MBG_zhike_ib1_signin.SigninIB_test</td>
    <td class="text-center">3</td>
    <td class="text-center">3</td>
    <td class="text-center">0</td>
    <td class="text-center">0</td>
    <td class="text-center"><a href="javascript:showClassDetail('c9',3)" class="detail" id='c9'>详细</a></td>
</tr>

<tr id='pt9_1' class='hiddenRow'>
    <td class='passCase'><div class='testcase'>test_1_signinIB_1 : 测试注册IB第1步</div></td>
    <td colspan='5' align='center'><span class="label label-success success">通过</span></td>
</tr>

<tr id='pt9_2' class='hiddenRow'>
    <td class='passCase'><div class='testcase'>test_2_signinIB_2 : 测试注册IB第2步</div></td>
    <td colspan='5' align='center'><span class="label label-success success">通过</span></td>
</tr>

<tr id='pt9_3' class='hiddenRow'>
    <td class='passCase'><div class='testcase'>test_3_signinIB_3 : 测试注册IB第3步</div></td>
    <td colspan='5' align='center'><span class="label label-success success">通过</span></td>
</tr>

<tr class='passClass warning'>
    <td>test_zalenium_MBG_zhike_ib2_appoint_level.Customer_Manager_Check__Test</td>
    <td class="text-center">1</td>
    <td class="text-center">1</td>
    <td class="text-center">0</td>
    <td class="text-center">0</td>
    <td class="text-center"><a href="javascript:showClassDetail('c10',1)" class="detail" id='c10'>详细</a></td>
</tr>

<tr id='pt10_1' class='hiddenRow'>
    <td class='passCase'><div class='testcase'>test1_customer_manager_check: 客户经理给IB指定等级</div></td>
    <td colspan='5' align='center'><span class="label label-success success">通过</span></td>
</tr>

<tr class='errorClass warning'>
    <td>test_zalenium_MBG_zhike_ib3_activate.Check_Ib_Test</td>
    <td class="text-center">1</td>
    <td class="text-center">0</td>
    <td class="text-center">1</td>
    <td class="text-center">0</td>
    <td class="text-center"><a href="javascript:showClassDetail('c11',1)" class="detail" id='c11'>详细</a></td>
</tr>

<tr id='ft11_1' class='none'>
    <td class='errorCase'><div class='testcase'>test1_signinIB_check: 审核IB注册信息</div></td>
    <td colspan='5' align='center'>
    <!--默认收起错误信息 -Findyou
    <button id='btn_ft11_1' type="button"  class="btn btn-danger btn-xs collapsed" data-toggle="collapse" data-target='#div_ft11_1'>错误</button>
    <div id='div_ft11_1' class="collapse">  -->

    <!-- 默认展开错误信息 -Findyou -->
    <button id='btn_ft11_1' type="button"  class="btn btn-danger btn-xs" data-toggle="collapse" data-target='#div_ft11_1'>错误</button>
    <div id='div_ft11_1' class="collapse in" style='text-align: left; color:red;cursor:pointer'>
    <pre>
    
ft11_1: Traceback (most recent call last):
  File "/root/venv/project/ui/ui_test_case/test_zalenium_MBG_zhike_ib3_activate.py", line 110, in test1_signinIB_check
    self.page.ready_to_activate_alert.click()
AttributeError: 'NoneType' object has no attribute 'click'


    </pre>
    </div>
    </td>
</tr>

<tr class='passClass warning'>
    <td>test_zalenium_MBG_zhike_live1_signin.SigninUser_test</td>
    <td class="text-center">3</td>
    <td class="text-center">3</td>
    <td class="text-center">0</td>
    <td class="text-center">0</td>
    <td class="text-center"><a href="javascript:showClassDetail('c12',3)" class="detail" id='c12'>详细</a></td>
</tr>

<tr id='pt12_1' class='hiddenRow'>
    <td class='passCase'><div class='testcase'>test1_signinuser_step1 : 测试使用IB开户链接注册live用户第1步</div></td>
    <td colspan='5' align='center'><span class="label label-success success">通过</span></td>
</tr>

<tr id='pt12_2' class='hiddenRow'>
    <td class='passCase'><div class='testcase'>test2_signinuser_step2 : 测试使用IB开户链接注册live用户第2步</div></td>
    <td colspan='5' align='center'><span class="label label-success success">通过</span></td>
</tr>

<tr id='pt12_3' class='hiddenRow'>
    <td class='passCase'><div class='testcase'>test2_signinuser_step3 : 测试使用IB开户链接注册live用户第3步</div></td>
    <td colspan='5' align='center'><span class="label label-success success">通过</span></td>
</tr>

<tr class='passClass warning'>
    <td>test_zalenium_MBG_zhike_live2_activate.Check_Test</td>
    <td class="text-center">1</td>
    <td class="text-center">1</td>
    <td class="text-center">0</td>
    <td class="text-center">0</td>
    <td class="text-center"><a href="javascript:showClassDetail('c13',1)" class="detail" id='c13'>详细</a></td>
</tr>

<tr id='pt13_1' class='hiddenRow'>
    <td class='passCase'><div class='testcase'>test1_signin_check: 审核live客户注册信息</div></td>
    <td colspan='5' align='center'><span class="label label-success success">通过</span></td>
</tr>

<tr id='total_row' class="text-center active">
    <td>总计</td>
    <td>25</td>
    <td>16</td>
    <td>9</td>
    <td>0</td>
    <td>通过率：64.00%</td>
</tr>
</table>

<div id='ending'>&nbsp;</div>
    <div style=" position:fixed;right:50px; bottom:30px; width:20px; height:20px;cursor:pointer">
    <a href="#"><span class="glyphicon glyphicon-eject" style = "font-size:30px;" aria-hidden="true">
    </span></a></div>
    

</body>
</html>
